<?xml version="1.0" encoding="UTF-8"?>
<!-- Generated by org.testng.reporters.JUnitReportReporter -->
<testsuite hostname="CHL135531" failures="0" tests="1" name="runner.runnerTest" time="23.756" errors="1" timestamp="2024-09-25T12:17:10 IST" skipped="0">
  <testcase classname="runner.runnerTest" name="runScenario" time="23.756">
    <error message="Cannot invoke &quot;org.openqa.selenium.WebElement.click()&quot; because &quot;webelement&quot; is null" type="java.lang.NullPointerException">
      <![CDATA[java.lang.NullPointerException: Cannot invoke "org.openqa.selenium.WebElement.click()" because "webelement" is null
at utilis.ElementUtilis.clickonElement(ElementUtilis.java:22)
at pages.LandingPage.MyAccount(LandingPage.java:49)
at stepdefinitions.loginsteps.User_clicks_on_My_Account_dropdown(loginsteps.java:26)
at âœ½.User clicks on My Account dropdown(file:///C:/Users/sahubarsathik_s/Downloads/CucumberBDD_HybridFramework-main/CucumberBDD_HybridFramework-main/src/test/resources/features/login.feature:5)
]]>
    </error>
  </testcase> <!-- runScenario -->
</testsuite> <!-- runner.runnerTest -->
